<?xml version="1.0" encoding="UTF-8"?>
<coverage generated="1747652750526" clover="3.2.0">
  <project timestamp="1747652750527" name="All files">
    <metrics statements="110" coveredstatements="89" conditionals="64" coveredconditionals="46" methods="21" coveredmethods="17" elements="195" coveredelements="152" complexity="0" loc="110" ncloc="110" packages="1" files="4" classes="4"/>
    <file name="TicketDetail.tsx" path="E:\kitting\ITManagementSystem-Prototype\frontend\src\components\tickets\TicketDetail.tsx">
      <metrics statements="25" coveredstatements="25" conditionals="16" coveredconditionals="15" methods="3" coveredmethods="3"/>
      <line num="18" count="1" type="stmt"/>
      <line num="19" count="12" type="stmt"/>
      <line num="20" count="12" type="stmt"/>
      <line num="21" count="12" type="stmt"/>
      <line num="23" count="12" type="stmt"/>
      <line num="24" count="5" type="cond" truecount="2" falsecount="0"/>
      <line num="25" count="1" type="stmt"/>
      <line num="26" count="1" type="stmt"/>
      <line num="28" count="4" type="stmt"/>
      <line num="29" count="4" type="stmt"/>
      <line num="30" count="4" type="stmt"/>
      <line num="31" count="4" type="stmt"/>
      <line num="32" count="4" type="stmt"/>
      <line num="38" count="3" type="cond" truecount="2" falsecount="0"/>
      <line num="39" count="1" type="stmt"/>
      <line num="41" count="2" type="stmt"/>
      <line num="42" count="2" type="stmt"/>
      <line num="44" count="1" type="cond" truecount="1" falsecount="1"/>
      <line num="46" count="3" type="stmt"/>
      <line num="49" count="4" type="stmt"/>
      <line num="52" count="12" type="cond" truecount="2" falsecount="0"/>
      <line num="53" count="11" type="cond" truecount="2" falsecount="0"/>
      <line num="54" count="7" type="cond" truecount="2" falsecount="0"/>
      <line num="55" count="6" type="cond" truecount="2" falsecount="0"/>
      <line num="57" count="2" type="stmt"/>
    </file>
    <file name="TicketEditForm.tsx" path="E:\kitting\ITManagementSystem-Prototype\frontend\src\components\tickets\TicketEditForm.tsx">
      <metrics statements="50" coveredstatements="29" conditionals="32" coveredconditionals="17" methods="8" coveredmethods="4"/>
      <line num="16" count="1" type="stmt"/>
      <line num="18" count="1" type="stmt"/>
      <line num="19" count="20" type="stmt"/>
      <line num="24" count="20" type="stmt"/>
      <line num="25" count="20" type="stmt"/>
      <line num="26" count="20" type="stmt"/>
      <line num="28" count="20" type="stmt"/>
      <line num="29" count="8" type="cond" truecount="2" falsecount="0"/>
      <line num="30" count="1" type="stmt"/>
      <line num="32" count="7" type="stmt"/>
      <line num="33" count="7" type="stmt"/>
      <line num="34" count="7" type="stmt"/>
      <line num="35" count="7" type="stmt"/>
      <line num="36" count="7" type="stmt"/>
      <line num="42" count="6" type="cond" truecount="2" falsecount="0"/>
      <line num="43" count="1" type="stmt"/>
      <line num="45" count="4" type="stmt"/>
      <line num="46" count="4" type="stmt"/>
      <line num="52" count="2" type="cond" truecount="1" falsecount="1"/>
      <line num="54" count="6" type="stmt"/>
      <line num="57" count="7" type="stmt"/>
      <line num="60" count="20" type="stmt"/>
      <line num="61" count="0" type="stmt"/>
      <line num="62" count="0" type="cond" truecount="0" falsecount="2"/>
      <line num="63" count="0" type="stmt"/>
      <line num="65" count="0" type="cond" truecount="0" falsecount="2"/>
      <line num="66" count="0" type="stmt"/>
      <line num="68" count="0" type="stmt"/>
      <line num="69" count="0" type="stmt"/>
      <line num="72" count="20" type="stmt"/>
      <line num="73" count="0" type="stmt"/>
      <line num="74" count="0" type="stmt"/>
      <line num="77" count="20" type="stmt"/>
      <line num="78" count="0" type="stmt"/>
      <line num="79" count="0" type="cond" truecount="0" falsecount="2"/>
      <line num="80" count="0" type="stmt"/>
      <line num="82" count="0" type="stmt"/>
      <line num="83" count="0" type="stmt"/>
      <line num="84" count="0" type="stmt"/>
      <line num="85" count="0" type="stmt"/>
      <line num="93" count="0" type="cond" truecount="0" falsecount="2"/>
      <line num="94" count="0" type="stmt"/>
      <line num="96" count="0" type="stmt"/>
      <line num="98" count="0" type="cond" truecount="0" falsecount="2"/>
      <line num="100" count="0" type="stmt"/>
      <line num="104" count="20" type="cond" truecount="2" falsecount="0"/>
      <line num="105" count="19" type="cond" truecount="2" falsecount="0"/>
      <line num="106" count="12" type="cond" truecount="2" falsecount="0"/>
      <line num="108" count="11" type="stmt"/>
      <line num="144" count="44" type="stmt"/>
    </file>
    <file name="TicketList.tsx" path="E:\kitting\ITManagementSystem-Prototype\frontend\src\components\tickets\TicketList.tsx">
      <metrics statements="21" coveredstatements="21" conditionals="10" coveredconditionals="9" methods="5" coveredmethods="5"/>
      <line num="15" count="1" type="stmt"/>
      <line num="16" count="12" type="stmt"/>
      <line num="17" count="12" type="stmt"/>
      <line num="18" count="12" type="stmt"/>
      <line num="20" count="12" type="stmt"/>
      <line num="21" count="4" type="stmt"/>
      <line num="22" count="4" type="stmt"/>
      <line num="23" count="4" type="stmt"/>
      <line num="24" count="4" type="stmt"/>
      <line num="25" count="4" type="stmt"/>
      <line num="31" count="4" type="cond" truecount="2" falsecount="0"/>
      <line num="32" count="1" type="stmt"/>
      <line num="34" count="3" type="stmt"/>
      <line num="35" count="3" type="stmt"/>
      <line num="37" count="1" type="cond" truecount="1" falsecount="1"/>
      <line num="39" count="4" type="stmt"/>
      <line num="42" count="4" type="stmt"/>
      <line num="45" count="12" type="cond" truecount="2" falsecount="0"/>
      <line num="46" count="8" type="cond" truecount="2" falsecount="0"/>
      <line num="48" count="7" type="stmt"/>
      <line num="56" count="4" type="stmt"/>
    </file>
    <file name="TicketsPage.tsx" path="E:\kitting\ITManagementSystem-Prototype\frontend\src\components\tickets\TicketsPage.tsx">
      <metrics statements="14" coveredstatements="14" conditionals="6" coveredconditionals="5" methods="5" coveredmethods="5"/>
      <line num="10" count="1" type="stmt"/>
      <line num="12" count="14" type="stmt"/>
      <line num="14" count="14" type="stmt"/>
      <line num="17" count="14" type="stmt"/>
      <line num="18" count="4" type="stmt"/>
      <line num="19" count="4" type="stmt"/>
      <line num="23" count="14" type="stmt"/>
      <line num="24" count="3" type="cond" truecount="1" falsecount="1"/>
      <line num="25" count="3" type="stmt"/>
      <line num="30" count="14" type="stmt"/>
      <line num="31" count="1" type="stmt"/>
      <line num="35" count="14" type="stmt"/>
      <line num="36" count="1" type="stmt"/>
      <line num="40" count="14" type="stmt"/>
    </file>
  </project>
</coverage>
