{"E:\\kitting\\ITManagementSystem-Prototype\\frontend\\src\\components\\notifications\\NotificationList.tsx": {"path":"E:\\kitting\\ITManagementSystem-Prototype\\frontend\\src\\components\\notifications\\NotificationList.tsx","statementMap":{"0":{"start":{"line":11,"column":35},"end":{"line":93,"column":1}},"1":{"start":{"line":12,"column":46},"end":{"line":12,"column":74}},"2":{"start":{"line":13,"column":34},"end":{"line":13,"column":57}},"3":{"start":{"line":14,"column":30},"end":{"line":14,"column":59}},"4":{"start":{"line":16,"column":4},"end":{"line":48,"column":11}},"5":{"start":{"line":17,"column":35},"end":{"line":45,"column":9}},"6":{"start":{"line":18,"column":12},"end":{"line":18,"column":29}},"7":{"start":{"line":19,"column":12},"end":{"line":19,"column":27}},"8":{"start":{"line":20,"column":12},"end":{"line":44,"column":13}},"9":{"start":{"line":22,"column":30},"end":{"line":22,"column":63}},"10":{"start":{"line":23,"column":16},"end":{"line":25,"column":17}},"11":{"start":{"line":24,"column":20},"end":{"line":24,"column":54}},"12":{"start":{"line":27,"column":33},"end":{"line":32,"column":18}},"13":{"start":{"line":34,"column":16},"end":{"line":36,"column":17}},"14":{"start":{"line":35,"column":20},"end":{"line":35,"column":89}},"15":{"start":{"line":38,"column":45},"end":{"line":38,"column":66}},"16":{"start":{"line":39,"column":16},"end":{"line":39,"column":39}},"17":{"start":{"line":41,"column":16},"end":{"line":41,"column":56}},"18":{"start":{"line":43,"column":16},"end":{"line":43,"column":34}},"19":{"start":{"line":47,"column":8},"end":{"line":47,"column":29}},"20":{"start":{"line":50,"column":4},"end":{"line":56,"column":5}},"21":{"start":{"line":51,"column":8},"end":{"line":55,"column":10}},"22":{"start":{"line":58,"column":4},"end":{"line":64,"column":5}},"23":{"start":{"line":59,"column":8},"end":{"line":63,"column":10}},"24":{"start":{"line":66,"column":4},"end":{"line":72,"column":5}},"25":{"start":{"line":67,"column":8},"end":{"line":71,"column":10}},"26":{"start":{"line":74,"column":4},"end":{"line":92,"column":6}},"27":{"start":{"line":79,"column":20},"end":{"line":88,"column":25}}},"fnMap":{"0":{"name":"(anonymous_0)","decl":{"start":{"line":11,"column":35},"end":{"line":11,"column":36}},"loc":{"start":{"line":11,"column":41},"end":{"line":93,"column":1}},"line":11},"1":{"name":"(anonymous_1)","decl":{"start":{"line":16,"column":14},"end":{"line":16,"column":15}},"loc":{"start":{"line":16,"column":20},"end":{"line":48,"column":5}},"line":16},"2":{"name":"(anonymous_2)","decl":{"start":{"line":17,"column":35},"end":{"line":17,"column":36}},"loc":{"start":{"line":17,"column":47},"end":{"line":45,"column":9}},"line":17},"3":{"name":"(anonymous_3)","decl":{"start":{"line":78,"column":35},"end":{"line":78,"column":36}},"loc":{"start":{"line":79,"column":20},"end":{"line":88,"column":25}},"line":79}},"branchMap":{"0":{"loc":{"start":{"line":23,"column":16},"end":{"line":25,"column":17}},"type":"if","locations":[{"start":{"line":23,"column":16},"end":{"line":25,"column":17}},{"start":{},"end":{}}],"line":23},"1":{"loc":{"start":{"line":34,"column":16},"end":{"line":36,"column":17}},"type":"if","locations":[{"start":{"line":34,"column":16},"end":{"line":36,"column":17}},{"start":{},"end":{}}],"line":34},"2":{"loc":{"start":{"line":41,"column":25},"end":{"line":41,"column":54}},"type":"binary-expr","locations":[{"start":{"line":41,"column":25},"end":{"line":41,"column":36}},{"start":{"line":41,"column":40},"end":{"line":41,"column":54}}],"line":41},"3":{"loc":{"start":{"line":50,"column":4},"end":{"line":56,"column":5}},"type":"if","locations":[{"start":{"line":50,"column":4},"end":{"line":56,"column":5}},{"start":{},"end":{}}],"line":50},"4":{"loc":{"start":{"line":58,"column":4},"end":{"line":64,"column":5}},"type":"if","locations":[{"start":{"line":58,"column":4},"end":{"line":64,"column":5}},{"start":{},"end":{}}],"line":58},"5":{"loc":{"start":{"line":66,"column":4},"end":{"line":72,"column":5}},"type":"if","locations":[{"start":{"line":66,"column":4},"end":{"line":72,"column":5}},{"start":{},"end":{}}],"line":66},"6":{"loc":{"start":{"line":81,"column":62},"end":{"line":81,"column":156}},"type":"cond-expr","locations":[{"start":{"line":81,"column":85},"end":{"line":81,"column":112}},{"start":{"line":81,"column":115},"end":{"line":81,"column":156}}],"line":81}},"s":{"0":1,"1":13,"2":13,"3":13,"4":13,"5":7,"6":7,"7":7,"8":7,"9":7,"10":7,"11":1,"12":6,"13":5,"14":1,"15":4,"16":3,"17":3,"18":6,"19":7,"20":13,"21":7,"22":6,"23":3,"24":3,"25":1,"26":2,"27":4},"f":{"0":13,"1":7,"2":7,"3":4},"b":{"0":[1,6],"1":[1,4],"2":[3,0],"3":[7,6],"4":[3,3],"5":[1,2],"6":[2,2]},"_coverageSchema":"1a1c01bbd47fc00a2c39e90264f33305004495a9","hash":"fa18bd679d1580b58b6d0193d5229d35d4286a06"}
,"E:\\kitting\\ITManagementSystem-Prototype\\frontend\\src\\components\\tickets\\TicketDetail.tsx": {"path":"E:\\kitting\\ITManagementSystem-Prototype\\frontend\\src\\components\\tickets\\TicketDetail.tsx","statementMap":{"0":{"start":{"line":18,"column":50},"end":{"line":76,"column":1}},"1":{"start":{"line":19,"column":32},"end":{"line":19,"column":71}},"2":{"start":{"line":20,"column":34},"end":{"line":20,"column":58}},"3":{"start":{"line":21,"column":30},"end":{"line":21,"column":59}},"4":{"start":{"line":23,"column":4},"end":{"line":50,"column":30}},"5":{"start":{"line":24,"column":8},"end":{"line":27,"column":9}},"6":{"start":{"line":25,"column":12},"end":{"line":25,"column":28}},"7":{"start":{"line":26,"column":12},"end":{"line":26,"column":19}},"8":{"start":{"line":28,"column":34},"end":{"line":48,"column":9}},"9":{"start":{"line":29,"column":12},"end":{"line":29,"column":29}},"10":{"start":{"line":30,"column":12},"end":{"line":30,"column":27}},"11":{"start":{"line":31,"column":12},"end":{"line":47,"column":13}},"12":{"start":{"line":32,"column":33},"end":{"line":37,"column":18}},"13":{"start":{"line":38,"column":16},"end":{"line":40,"column":17}},"14":{"start":{"line":39,"column":20},"end":{"line":39,"column":66}},"15":{"start":{"line":41,"column":29},"end":{"line":41,"column":50}},"16":{"start":{"line":42,"column":16},"end":{"line":42,"column":32}},"17":{"start":{"line":44,"column":16},"end":{"line":44,"column":57}},"18":{"start":{"line":46,"column":16},"end":{"line":46,"column":34}},"19":{"start":{"line":49,"column":8},"end":{"line":49,"column":28}},"20":{"start":{"line":52,"column":4},"end":{"line":52,"column":57}},"21":{"start":{"line":52,"column":27},"end":{"line":52,"column":57}},"22":{"start":{"line":53,"column":4},"end":{"line":53,"column":40}},"23":{"start":{"line":53,"column":17},"end":{"line":53,"column":40}},"24":{"start":{"line":54,"column":4},"end":{"line":54,"column":67}},"25":{"start":{"line":54,"column":15},"end":{"line":54,"column":67}},"26":{"start":{"line":55,"column":4},"end":{"line":55,"column":45}},"27":{"start":{"line":55,"column":17},"end":{"line":55,"column":45}},"28":{"start":{"line":57,"column":4},"end":{"line":75,"column":6}}},"fnMap":{"0":{"name":"(anonymous_0)","decl":{"start":{"line":18,"column":50},"end":{"line":18,"column":51}},"loc":{"start":{"line":18,"column":79},"end":{"line":76,"column":1}},"line":18},"1":{"name":"(anonymous_1)","decl":{"start":{"line":23,"column":14},"end":{"line":23,"column":15}},"loc":{"start":{"line":23,"column":20},"end":{"line":50,"column":5}},"line":23},"2":{"name":"(anonymous_2)","decl":{"start":{"line":28,"column":34},"end":{"line":28,"column":35}},"loc":{"start":{"line":28,"column":46},"end":{"line":48,"column":9}},"line":28}},"branchMap":{"0":{"loc":{"start":{"line":24,"column":8},"end":{"line":27,"column":9}},"type":"if","locations":[{"start":{"line":24,"column":8},"end":{"line":27,"column":9}},{"start":{},"end":{}}],"line":24},"1":{"loc":{"start":{"line":38,"column":16},"end":{"line":40,"column":17}},"type":"if","locations":[{"start":{"line":38,"column":16},"end":{"line":40,"column":17}},{"start":{},"end":{}}],"line":38},"2":{"loc":{"start":{"line":44,"column":25},"end":{"line":44,"column":55}},"type":"binary-expr","locations":[{"start":{"line":44,"column":25},"end":{"line":44,"column":36}},{"start":{"line":44,"column":40},"end":{"line":44,"column":55}}],"line":44},"3":{"loc":{"start":{"line":52,"column":4},"end":{"line":52,"column":57}},"type":"if","locations":[{"start":{"line":52,"column":4},"end":{"line":52,"column":57}},{"start":{},"end":{}}],"line":52},"4":{"loc":{"start":{"line":53,"column":4},"end":{"line":53,"column":40}},"type":"if","locations":[{"start":{"line":53,"column":4},"end":{"line":53,"column":40}},{"start":{},"end":{}}],"line":53},"5":{"loc":{"start":{"line":54,"column":4},"end":{"line":54,"column":67}},"type":"if","locations":[{"start":{"line":54,"column":4},"end":{"line":54,"column":67}},{"start":{},"end":{}}],"line":54},"6":{"loc":{"start":{"line":55,"column":4},"end":{"line":55,"column":45}},"type":"if","locations":[{"start":{"line":55,"column":4},"end":{"line":55,"column":45}},{"start":{},"end":{}}],"line":55},"7":{"loc":{"start":{"line":68,"column":21},"end":{"line":68,"column":45}},"type":"binary-expr","locations":[{"start":{"line":68,"column":21},"end":{"line":68,"column":36}},{"start":{"line":68,"column":40},"end":{"line":68,"column":45}}],"line":68}},"s":{"0":0,"1":0,"2":0,"3":0,"4":0,"5":0,"6":0,"7":0,"8":0,"9":0,"10":0,"11":0,"12":0,"13":0,"14":0,"15":0,"16":0,"17":0,"18":0,"19":0,"20":0,"21":0,"22":0,"23":0,"24":0,"25":0,"26":0,"27":0,"28":0},"f":{"0":0,"1":0,"2":0},"b":{"0":[0,0],"1":[0,0],"2":[0,0],"3":[0,0],"4":[0,0],"5":[0,0],"6":[0,0],"7":[0,0]}}
,"E:\\kitting\\ITManagementSystem-Prototype\\frontend\\src\\components\\tickets\\TicketEditForm.tsx": {"path":"E:\\kitting\\ITManagementSystem-Prototype\\frontend\\src\\components\\tickets\\TicketEditForm.tsx","statementMap":{"0":{"start":{"line":16,"column":22},"end":{"line":16,"column":67}},"1":{"start":{"line":18,"column":54},"end":{"line":153,"column":1}},"2":{"start":{"line":19,"column":36},"end":{"line":23,"column":6}},"3":{"start":{"line":24,"column":34},"end":{"line":24,"column":58}},"4":{"start":{"line":25,"column":30},"end":{"line":25,"column":59}},"5":{"start":{"line":26,"column":52},"end":{"line":26,"column":85}},"6":{"start":{"line":28,"column":4},"end":{"line":58,"column":30}},"7":{"start":{"line":29,"column":8},"end":{"line":31,"column":9}},"8":{"start":{"line":30,"column":12},"end":{"line":30,"column":19}},"9":{"start":{"line":32,"column":28},"end":{"line":56,"column":9}},"10":{"start":{"line":33,"column":12},"end":{"line":33,"column":29}},"11":{"start":{"line":34,"column":12},"end":{"line":34,"column":27}},"12":{"start":{"line":35,"column":12},"end":{"line":55,"column":13}},"13":{"start":{"line":36,"column":33},"end":{"line":41,"column":18}},"14":{"start":{"line":42,"column":16},"end":{"line":44,"column":17}},"15":{"start":{"line":43,"column":20},"end":{"line":43,"column":66}},"16":{"start":{"line":45,"column":29},"end":{"line":45,"column":50}},"17":{"start":{"line":46,"column":16},"end":{"line":50,"column":19}},"18":{"start":{"line":52,"column":16},"end":{"line":52,"column":57}},"19":{"start":{"line":54,"column":16},"end":{"line":54,"column":34}},"20":{"start":{"line":57,"column":8},"end":{"line":57,"column":22}},"21":{"start":{"line":60,"column":21},"end":{"line":70,"column":5}},"22":{"start":{"line":61,"column":44},"end":{"line":61,"column":46}},"23":{"start":{"line":62,"column":8},"end":{"line":64,"column":9}},"24":{"start":{"line":63,"column":12},"end":{"line":63,"column":40}},"25":{"start":{"line":65,"column":8},"end":{"line":67,"column":9}},"26":{"start":{"line":66,"column":12},"end":{"line":66,"column":42}},"27":{"start":{"line":68,"column":8},"end":{"line":68,"column":36}},"28":{"start":{"line":69,"column":8},"end":{"line":69,"column":48}},"29":{"start":{"line":72,"column":25},"end":{"line":75,"column":5}},"30":{"start":{"line":73,"column":32},"end":{"line":73,"column":40}},"31":{"start":{"line":74,"column":8},"end":{"line":74,"column":58}},"32":{"start":{"line":74,"column":29},"end":{"line":74,"column":55}},"33":{"start":{"line":77,"column":25},"end":{"line":102,"column":5}},"34":{"start":{"line":78,"column":8},"end":{"line":78,"column":27}},"35":{"start":{"line":79,"column":8},"end":{"line":81,"column":9}},"36":{"start":{"line":80,"column":12},"end":{"line":80,"column":19}},"37":{"start":{"line":82,"column":8},"end":{"line":82,"column":25}},"38":{"start":{"line":83,"column":8},"end":{"line":83,"column":23}},"39":{"start":{"line":84,"column":8},"end":{"line":101,"column":9}},"40":{"start":{"line":85,"column":29},"end":{"line":92,"column":14}},"41":{"start":{"line":93,"column":12},"end":{"line":95,"column":13}},"42":{"start":{"line":94,"column":16},"end":{"line":94,"column":62}},"43":{"start":{"line":96,"column":12},"end":{"line":96,"column":30}},"44":{"start":{"line":98,"column":12},"end":{"line":98,"column":49}},"45":{"start":{"line":100,"column":12},"end":{"line":100,"column":30}},"46":{"start":{"line":104,"column":4},"end":{"line":104,"column":61}},"47":{"start":{"line":104,"column":27},"end":{"line":104,"column":61}},"48":{"start":{"line":105,"column":4},"end":{"line":105,"column":40}},"49":{"start":{"line":105,"column":17},"end":{"line":105,"column":40}},"50":{"start":{"line":106,"column":4},"end":{"line":106,"column":67}},"51":{"start":{"line":106,"column":15},"end":{"line":106,"column":67}},"52":{"start":{"line":108,"column":4},"end":{"line":152,"column":6}},"53":{"start":{"line":144,"column":24},"end":{"line":144,"column":77}}},"fnMap":{"0":{"name":"(anonymous_0)","decl":{"start":{"line":18,"column":54},"end":{"line":18,"column":55}},"loc":{"start":{"line":18,"column":110},"end":{"line":153,"column":1}},"line":18},"1":{"name":"(anonymous_1)","decl":{"start":{"line":28,"column":14},"end":{"line":28,"column":15}},"loc":{"start":{"line":28,"column":20},"end":{"line":58,"column":5}},"line":28},"2":{"name":"(anonymous_2)","decl":{"start":{"line":32,"column":28},"end":{"line":32,"column":29}},"loc":{"start":{"line":32,"column":40},"end":{"line":56,"column":9}},"line":32},"3":{"name":"(anonymous_3)","decl":{"start":{"line":60,"column":21},"end":{"line":60,"column":22}},"loc":{"start":{"line":60,"column":27},"end":{"line":70,"column":5}},"line":60},"4":{"name":"(anonymous_4)","decl":{"start":{"line":72,"column":25},"end":{"line":72,"column":26}},"loc":{"start":{"line":72,"column":105},"end":{"line":75,"column":5}},"line":72},"5":{"name":"(anonymous_5)","decl":{"start":{"line":74,"column":20},"end":{"line":74,"column":21}},"loc":{"start":{"line":74,"column":29},"end":{"line":74,"column":55}},"line":74},"6":{"name":"(anonymous_6)","decl":{"start":{"line":77,"column":25},"end":{"line":77,"column":26}},"loc":{"start":{"line":77,"column":49},"end":{"line":102,"column":5}},"line":77},"7":{"name":"(anonymous_7)","decl":{"start":{"line":143,"column":39},"end":{"line":143,"column":40}},"loc":{"start":{"line":144,"column":24},"end":{"line":144,"column":77}},"line":144}},"branchMap":{"0":{"loc":{"start":{"line":29,"column":8},"end":{"line":31,"column":9}},"type":"if","locations":[{"start":{"line":29,"column":8},"end":{"line":31,"column":9}},{"start":{},"end":{}}],"line":29},"1":{"loc":{"start":{"line":42,"column":16},"end":{"line":44,"column":17}},"type":"if","locations":[{"start":{"line":42,"column":16},"end":{"line":44,"column":17}},{"start":{},"end":{}}],"line":42},"2":{"loc":{"start":{"line":47,"column":27},"end":{"line":47,"column":43}},"type":"binary-expr","locations":[{"start":{"line":47,"column":27},"end":{"line":47,"column":37}},{"start":{"line":47,"column":41},"end":{"line":47,"column":43}}],"line":47},"3":{"loc":{"start":{"line":48,"column":33},"end":{"line":48,"column":55}},"type":"binary-expr","locations":[{"start":{"line":48,"column":33},"end":{"line":48,"column":49}},{"start":{"line":48,"column":53},"end":{"line":48,"column":55}}],"line":48},"4":{"loc":{"start":{"line":49,"column":28},"end":{"line":49,"column":49}},"type":"binary-expr","locations":[{"start":{"line":49,"column":28},"end":{"line":49,"column":39}},{"start":{"line":49,"column":43},"end":{"line":49,"column":49}}],"line":49},"5":{"loc":{"start":{"line":52,"column":25},"end":{"line":52,"column":55}},"type":"binary-expr","locations":[{"start":{"line":52,"column":25},"end":{"line":52,"column":36}},{"start":{"line":52,"column":40},"end":{"line":52,"column":55}}],"line":52},"6":{"loc":{"start":{"line":62,"column":8},"end":{"line":64,"column":9}},"type":"if","locations":[{"start":{"line":62,"column":8},"end":{"line":64,"column":9}},{"start":{},"end":{}}],"line":62},"7":{"loc":{"start":{"line":65,"column":8},"end":{"line":67,"column":9}},"type":"if","locations":[{"start":{"line":65,"column":8},"end":{"line":67,"column":9}},{"start":{},"end":{}}],"line":65},"8":{"loc":{"start":{"line":79,"column":8},"end":{"line":81,"column":9}},"type":"if","locations":[{"start":{"line":79,"column":8},"end":{"line":81,"column":9}},{"start":{},"end":{}}],"line":79},"9":{"loc":{"start":{"line":93,"column":12},"end":{"line":95,"column":13}},"type":"if","locations":[{"start":{"line":93,"column":12},"end":{"line":95,"column":13}},{"start":{},"end":{}}],"line":93},"10":{"loc":{"start":{"line":98,"column":21},"end":{"line":98,"column":47}},"type":"binary-expr","locations":[{"start":{"line":98,"column":21},"end":{"line":98,"column":32}},{"start":{"line":98,"column":36},"end":{"line":98,"column":47}}],"line":98},"11":{"loc":{"start":{"line":104,"column":4},"end":{"line":104,"column":61}},"type":"if","locations":[{"start":{"line":104,"column":4},"end":{"line":104,"column":61}},{"start":{},"end":{}}],"line":104},"12":{"loc":{"start":{"line":105,"column":4},"end":{"line":105,"column":40}},"type":"if","locations":[{"start":{"line":105,"column":4},"end":{"line":105,"column":40}},{"start":{},"end":{}}],"line":105},"13":{"loc":{"start":{"line":106,"column":4},"end":{"line":106,"column":67}},"type":"if","locations":[{"start":{"line":106,"column":4},"end":{"line":106,"column":67}},{"start":{},"end":{}}],"line":106},"14":{"loc":{"start":{"line":122,"column":17},"end":{"line":122,"column":116}},"type":"binary-expr","locations":[{"start":{"line":122,"column":17},"end":{"line":122,"column":39}},{"start":{"line":122,"column":43},"end":{"line":122,"column":116}}],"line":122},"15":{"loc":{"start":{"line":147,"column":17},"end":{"line":147,"column":119}},"type":"binary-expr","locations":[{"start":{"line":147,"column":17},"end":{"line":147,"column":40}},{"start":{"line":147,"column":44},"end":{"line":147,"column":119}}],"line":147}},"s":{"0":0,"1":0,"2":0,"3":0,"4":0,"5":0,"6":0,"7":0,"8":0,"9":0,"10":0,"11":0,"12":0,"13":0,"14":0,"15":0,"16":0,"17":0,"18":0,"19":0,"20":0,"21":0,"22":0,"23":0,"24":0,"25":0,"26":0,"27":0,"28":0,"29":0,"30":0,"31":0,"32":0,"33":0,"34":0,"35":0,"36":0,"37":0,"38":0,"39":0,"40":0,"41":0,"42":0,"43":0,"44":0,"45":0,"46":0,"47":0,"48":0,"49":0,"50":0,"51":0,"52":0,"53":0},"f":{"0":0,"1":0,"2":0,"3":0,"4":0,"5":0,"6":0,"7":0},"b":{"0":[0,0],"1":[0,0],"2":[0,0],"3":[0,0],"4":[0,0],"5":[0,0],"6":[0,0],"7":[0,0],"8":[0,0],"9":[0,0],"10":[0,0],"11":[0,0],"12":[0,0],"13":[0,0],"14":[0,0],"15":[0,0]}}
,"E:\\kitting\\ITManagementSystem-Prototype\\frontend\\src\\components\\tickets\\TicketList.tsx": {"path":"E:\\kitting\\ITManagementSystem-Prototype\\frontend\\src\\components\\tickets\\TicketList.tsx","statementMap":{"0":{"start":{"line":15,"column":46},"end":{"line":64,"column":1}},"1":{"start":{"line":16,"column":34},"end":{"line":16,"column":56}},"2":{"start":{"line":17,"column":34},"end":{"line":17,"column":58}},"3":{"start":{"line":18,"column":30},"end":{"line":18,"column":59}},"4":{"start":{"line":20,"column":4},"end":{"line":43,"column":20}},"5":{"start":{"line":21,"column":29},"end":{"line":41,"column":9}},"6":{"start":{"line":22,"column":12},"end":{"line":22,"column":29}},"7":{"start":{"line":23,"column":12},"end":{"line":23,"column":27}},"8":{"start":{"line":24,"column":12},"end":{"line":40,"column":13}},"9":{"start":{"line":25,"column":33},"end":{"line":30,"column":18}},"10":{"start":{"line":31,"column":16},"end":{"line":33,"column":17}},"11":{"start":{"line":32,"column":20},"end":{"line":32,"column":66}},"12":{"start":{"line":34,"column":29},"end":{"line":34,"column":50}},"13":{"start":{"line":35,"column":16},"end":{"line":35,"column":33}},"14":{"start":{"line":37,"column":16},"end":{"line":37,"column":57}},"15":{"start":{"line":39,"column":16},"end":{"line":39,"column":34}},"16":{"start":{"line":42,"column":8},"end":{"line":42,"column":23}},"17":{"start":{"line":45,"column":4},"end":{"line":45,"column":40}},"18":{"start":{"line":45,"column":17},"end":{"line":45,"column":40}},"19":{"start":{"line":46,"column":4},"end":{"line":46,"column":67}},"20":{"start":{"line":46,"column":15},"end":{"line":46,"column":67}},"21":{"start":{"line":48,"column":4},"end":{"line":63,"column":6}},"22":{"start":{"line":56,"column":24},"end":{"line":58,"column":29}},"23":{"start":{"line":56,"column":89},"end":{"line":56,"column":114}}},"fnMap":{"0":{"name":"(anonymous_0)","decl":{"start":{"line":15,"column":46},"end":{"line":15,"column":47}},"loc":{"start":{"line":15,"column":81},"end":{"line":64,"column":1}},"line":15},"1":{"name":"(anonymous_1)","decl":{"start":{"line":20,"column":14},"end":{"line":20,"column":15}},"loc":{"start":{"line":20,"column":20},"end":{"line":43,"column":5}},"line":20},"2":{"name":"(anonymous_2)","decl":{"start":{"line":21,"column":29},"end":{"line":21,"column":30}},"loc":{"start":{"line":21,"column":41},"end":{"line":41,"column":9}},"line":21},"3":{"name":"(anonymous_3)","decl":{"start":{"line":55,"column":33},"end":{"line":55,"column":34}},"loc":{"start":{"line":56,"column":24},"end":{"line":58,"column":29}},"line":56},"4":{"name":"(anonymous_4)","decl":{"start":{"line":56,"column":83},"end":{"line":56,"column":84}},"loc":{"start":{"line":56,"column":89},"end":{"line":56,"column":114}},"line":56}},"branchMap":{"0":{"loc":{"start":{"line":31,"column":16},"end":{"line":33,"column":17}},"type":"if","locations":[{"start":{"line":31,"column":16},"end":{"line":33,"column":17}},{"start":{},"end":{}}],"line":31},"1":{"loc":{"start":{"line":37,"column":25},"end":{"line":37,"column":55}},"type":"binary-expr","locations":[{"start":{"line":37,"column":25},"end":{"line":37,"column":36}},{"start":{"line":37,"column":40},"end":{"line":37,"column":55}}],"line":37},"2":{"loc":{"start":{"line":45,"column":4},"end":{"line":45,"column":40}},"type":"if","locations":[{"start":{"line":45,"column":4},"end":{"line":45,"column":40}},{"start":{},"end":{}}],"line":45},"3":{"loc":{"start":{"line":46,"column":4},"end":{"line":46,"column":67}},"type":"if","locations":[{"start":{"line":46,"column":4},"end":{"line":46,"column":67}},{"start":{},"end":{}}],"line":46},"4":{"loc":{"start":{"line":51,"column":13},"end":{"line":61,"column":13}},"type":"cond-expr","locations":[{"start":{"line":52,"column":16},"end":{"line":52,"column":34}},{"start":{"line":54,"column":16},"end":{"line":60,"column":21}}],"line":51}},"s":{"0":0,"1":0,"2":0,"3":0,"4":0,"5":0,"6":0,"7":0,"8":0,"9":0,"10":0,"11":0,"12":0,"13":0,"14":0,"15":0,"16":0,"17":0,"18":0,"19":0,"20":0,"21":0,"22":0,"23":0},"f":{"0":0,"1":0,"2":0,"3":0,"4":0},"b":{"0":[0,0],"1":[0,0],"2":[0,0],"3":[0,0],"4":[0,0]}}
,"E:\\kitting\\ITManagementSystem-Prototype\\frontend\\src\\components\\tickets\\TicketsPage.tsx": {"path":"E:\\kitting\\ITManagementSystem-Prototype\\frontend\\src\\components\\tickets\\TicketsPage.tsx","statementMap":{"0":{"start":{"line":10,"column":48},"end":{"line":74,"column":1}},"1":{"start":{"line":12,"column":52},"end":{"line":12,"column":81}},"2":{"start":{"line":14,"column":38},"end":{"line":14,"column":62}},"3":{"start":{"line":17,"column":31},"end":{"line":20,"column":5}},"4":{"start":{"line":18,"column":8},"end":{"line":18,"column":38}},"5":{"start":{"line":19,"column":8},"end":{"line":19,"column":28}},"6":{"start":{"line":23,"column":28},"end":{"line":27,"column":5}},"7":{"start":{"line":24,"column":8},"end":{"line":26,"column":9}},"8":{"start":{"line":25,"column":12},"end":{"line":25,"column":31}},"9":{"start":{"line":30,"column":29},"end":{"line":32,"column":5}},"10":{"start":{"line":31,"column":8},"end":{"line":31,"column":28}},"11":{"start":{"line":35,"column":32},"end":{"line":38,"column":5}},"12":{"start":{"line":36,"column":8},"end":{"line":36,"column":28}},"13":{"start":{"line":40,"column":4},"end":{"line":73,"column":6}}},"fnMap":{"0":{"name":"(anonymous_0)","decl":{"start":{"line":10,"column":48},"end":{"line":10,"column":49}},"loc":{"start":{"line":10,"column":67},"end":{"line":74,"column":1}},"line":10},"1":{"name":"(anonymous_1)","decl":{"start":{"line":17,"column":31},"end":{"line":17,"column":32}},"loc":{"start":{"line":17,"column":53},"end":{"line":20,"column":5}},"line":17},"2":{"name":"(anonymous_2)","decl":{"start":{"line":23,"column":28},"end":{"line":23,"column":29}},"loc":{"start":{"line":23,"column":34},"end":{"line":27,"column":5}},"line":23},"3":{"name":"(anonymous_3)","decl":{"start":{"line":30,"column":29},"end":{"line":30,"column":30}},"loc":{"start":{"line":30,"column":35},"end":{"line":32,"column":5}},"line":30},"4":{"name":"(anonymous_4)","decl":{"start":{"line":35,"column":32},"end":{"line":35,"column":33}},"loc":{"start":{"line":35,"column":38},"end":{"line":38,"column":5}},"line":35}},"branchMap":{"0":{"loc":{"start":{"line":24,"column":8},"end":{"line":26,"column":9}},"type":"if","locations":[{"start":{"line":24,"column":8},"end":{"line":26,"column":9}},{"start":{},"end":{}}],"line":24},"1":{"loc":{"start":{"line":49,"column":17},"end":{"line":70,"column":17}},"type":"cond-expr","locations":[{"start":{"line":50,"column":20},"end":{"line":50,"column":79}},{"start":{"line":51,"column":20},"end":{"line":70,"column":17}}],"line":49},"2":{"loc":{"start":{"line":51,"column":20},"end":{"line":70,"column":17}},"type":"cond-expr","locations":[{"start":{"line":52,"column":20},"end":{"line":57,"column":22}},{"start":{"line":59,"column":20},"end":{"line":69,"column":23}}],"line":51}},"s":{"0":0,"1":0,"2":0,"3":0,"4":0,"5":0,"6":0,"7":0,"8":0,"9":0,"10":0,"11":0,"12":0,"13":0},"f":{"0":0,"1":0,"2":0,"3":0,"4":0},"b":{"0":[0,0],"1":[0,0],"2":[0,0]}}
}
