TN:
SF:src\components\tickets\TicketDetail.tsx
FN:18,(anonymous_0)
FN:23,(anonymous_1)
FN:28,(anonymous_2)
FNF:3
FNH:3
FNDA:12,(anonymous_0)
FNDA:5,(anonymous_1)
FNDA:4,(anonymous_2)
DA:18,1
DA:19,12
DA:20,12
DA:21,12
DA:23,12
DA:24,5
DA:25,1
DA:26,1
DA:28,4
DA:29,4
DA:30,4
DA:31,4
DA:32,4
DA:38,3
DA:39,1
DA:41,2
DA:42,2
DA:44,1
DA:46,3
DA:49,4
DA:52,12
DA:53,11
DA:54,7
DA:55,6
DA:57,2
LF:25
LH:25
BRDA:24,0,0,1
BRDA:24,0,1,4
BRDA:38,1,0,1
BRDA:38,1,1,2
BRDA:44,2,0,1
BRDA:44,2,1,0
BRDA:52,3,0,1
BRDA:52,3,1,11
BRDA:53,4,0,4
BRDA:53,4,1,7
BRDA:54,5,0,1
BRDA:54,5,1,6
BRDA:55,6,0,4
BRDA:55,6,1,2
BRDA:68,7,0,2
BRDA:68,7,1,1
BRF:16
BRH:15
end_of_record
TN:
SF:src\components\tickets\TicketEditForm.tsx
FN:18,(anonymous_0)
FN:28,(anonymous_1)
FN:32,(anonymous_2)
FN:60,(anonymous_3)
FN:72,(anonymous_4)
FN:74,(anonymous_5)
FN:77,(anonymous_6)
FN:143,(anonymous_7)
FNF:8
FNH:4
FNDA:20,(anonymous_0)
FNDA:8,(anonymous_1)
FNDA:7,(anonymous_2)
FNDA:0,(anonymous_3)
FNDA:0,(anonymous_4)
FNDA:0,(anonymous_5)
FNDA:0,(anonymous_6)
FNDA:44,(anonymous_7)
DA:16,1
DA:18,1
DA:19,20
DA:24,20
DA:25,20
DA:26,20
DA:28,20
DA:29,8
DA:30,1
DA:32,7
DA:33,7
DA:34,7
DA:35,7
DA:36,7
DA:42,6
DA:43,1
DA:45,4
DA:46,4
DA:52,2
DA:54,6
DA:57,7
DA:60,20
DA:61,0
DA:62,0
DA:63,0
DA:65,0
DA:66,0
DA:68,0
DA:69,0
DA:72,20
DA:73,0
DA:74,0
DA:77,20
DA:78,0
DA:79,0
DA:80,0
DA:82,0
DA:83,0
DA:84,0
DA:85,0
DA:93,0
DA:94,0
DA:96,0
DA:98,0
DA:100,0
DA:104,20
DA:105,19
DA:106,12
DA:108,11
DA:144,44
LF:50
LH:29
BRDA:29,0,0,1
BRDA:29,0,1,7
BRDA:42,1,0,1
BRDA:42,1,1,4
BRDA:47,2,0,4
BRDA:47,2,1,1
BRDA:48,3,0,4
BRDA:48,3,1,0
BRDA:49,4,0,4
BRDA:49,4,1,0
BRDA:52,5,0,2
BRDA:52,5,1,0
BRDA:62,6,0,0
BRDA:62,6,1,0
BRDA:65,7,0,0
BRDA:65,7,1,0
BRDA:79,8,0,0
BRDA:79,8,1,0
BRDA:93,9,0,0
BRDA:93,9,1,0
BRDA:98,10,0,0
BRDA:98,10,1,0
BRDA:104,11,0,1
BRDA:104,11,1,19
BRDA:105,12,0,7
BRDA:105,12,1,12
BRDA:106,13,0,1
BRDA:106,13,1,11
BRDA:122,14,0,11
BRDA:122,14,1,0
BRDA:147,15,0,11
BRDA:147,15,1,0
BRF:32
BRH:17
end_of_record
TN:
SF:src\components\tickets\TicketList.tsx
FN:15,(anonymous_0)
FN:20,(anonymous_1)
FN:21,(anonymous_2)
FN:55,(anonymous_3)
FN:56,(anonymous_4)
FNF:5
FNH:5
FNDA:12,(anonymous_0)
FNDA:4,(anonymous_1)
FNDA:4,(anonymous_2)
FNDA:4,(anonymous_3)
FNDA:1,(anonymous_4)
DA:15,1
DA:16,12
DA:17,12
DA:18,12
DA:20,12
DA:21,4
DA:22,4
DA:23,4
DA:24,4
DA:25,4
DA:31,4
DA:32,1
DA:34,3
DA:35,3
DA:37,1
DA:39,4
DA:42,4
DA:45,12
DA:46,8
DA:48,7
DA:56,4
LF:21
LH:21
BRDA:31,0,0,1
BRDA:31,0,1,3
BRDA:37,1,0,1
BRDA:37,1,1,0
BRDA:45,2,0,4
BRDA:45,2,1,8
BRDA:46,3,0,1
BRDA:46,3,1,7
BRDA:51,4,0,5
BRDA:51,4,1,2
BRF:10
BRH:9
end_of_record
TN:
SF:src\components\tickets\TicketsPage.tsx
FN:10,(anonymous_0)
FN:17,(anonymous_1)
FN:23,(anonymous_2)
FN:30,(anonymous_3)
FN:35,(anonymous_4)
FNF:5
FNH:5
FNDA:14,(anonymous_0)
FNDA:4,(anonymous_1)
FNDA:3,(anonymous_2)
FNDA:1,(anonymous_3)
FNDA:1,(anonymous_4)
DA:10,1
DA:12,14
DA:14,14
DA:17,14
DA:18,4
DA:19,4
DA:23,14
DA:24,3
DA:25,3
DA:30,14
DA:31,1
DA:35,14
DA:36,1
DA:40,14
LF:14
LH:14
BRDA:24,0,0,3
BRDA:24,0,1,0
BRDA:49,1,0,5
BRDA:49,1,1,9
BRDA:51,2,0,3
BRDA:51,2,1,6
BRF:6
BRH:5
end_of_record
